<!--  Maven Result XML -->
------------------------------------------------------------------------------------------------------------------
<?xml version="1.0" encoding="UTF-8"?>
<testsuite xmlns:xsi="http://www.w3.org/2001/XMLSchema-instance" xsi:noNamespaceSchemaLocation="https://maven.apache.org/surefire/maven-surefire-plugin/xsd/surefire-test-report.xsd" version="3.0.2" name="com.example.metafetch.MetafetchApplicationTests" time="3.944" tests="1" errors="0" skipped="0" failures="0">
  <properties>
[...]
</properties>
  <testcase name="contextLoads" classname="com.example.metafetch.MetafetchApplicationTests" time="1.112">
    <system-out><![CDATA[13:09:24.326 [main] INFO org.springframework.test.context.support.AnnotationConfigContextLoaderUtils -- Could not detect default configuration classes for test class [com.example.metafetch.MetafetchApplicationTests]: MetafetchApplicationTests does not declare any static, non-private, non-final, nested classes annotated with @Configuration.
13:09:24.532 [main] INFO org.springframework.boot.test.context.SpringBootTestContextBootstrapper -- Found @SpringBootConfiguration com.example.metafetch.MetafetchApplication for test class com.example.metafetch.MetafetchApplicationTests

  .   ____          _            __ _ _
 /\\ / ___'_ __ _ _(_)_ __  __ _ \ \ \ \
( ( )\___ | '_ | '_| | '_ \/ _` | \ \ \ \
 \\/  ___)| |_)| | | | | || (_| |  ) ) ) )
  '  |____| .__|_| |_|_| |_\__, | / / / /
 =========|_|==============|___/=/_/_/_/

 :: Spring Boot ::                (v3.5.5)

2025-09-04T13:09:25.203+05:30  INFO 28968 --- [metafetch] [           main] c.e.metafetch.MetafetchApplicationTests  : Starting MetafetchApplicationTests using Java 17.0.15 with PID 28968 (started by v-pkopila in C:\POC\metafetch)
2025-09-04T13:09:25.204+05:30  INFO 28968 --- [metafetch] [           main] c.e.metafetch.MetafetchApplicationTests  : No active profile set, falling back to 1 default profile: "default"
2025-09-04T13:09:26.960+05:30  INFO 28968 --- [metafetch] [           main] c.e.metafetch.MetafetchApplicationTests  : Started MetafetchApplicationTests in 2.22 seconds (process running for 3.881)
]]></system-out>
  </testcase>
</testsuite>

##################################################################################################################

<!-- Gradle Result XML -->
------------------------------------------------------------------------------------------------------------------

<?xml version="1.0" encoding="UTF-8"?>
<properties>
[...]
</properties>

##################################################################################################################
